# JRE version: OpenJDK Runtime Environment (17.0.10+7) (build 17.0.10+7-Ubuntu-122.04.1)
# Java VM: OpenJDK 64-Bit Server VM (17.0.10+7-Ubuntu-122.04.1, mixed mode, sharing, tiered, compressed oops, compressed class ptrs, g1 gc, linux-amd64)
GC Precious Log:
 CPUs: 4 total, 4 available
 Memory: 7715M
 Large Page Support: Disabled
 NUMA Support: Disabled
 Compressed Oops: Enabled (32-bit)
 Heap Region Size: 1M
 Heap Min Capacity: 8M
 Heap Initial Capacity: 122M
 Heap Max Capacity: 1930M
 Pre-touch: Disabled
 Parallel Workers: 4
 Concurrent Workers: 1
 Concurrent Refinement Workers: 4
 Periodic GC: Disabled
Heap:
 garbage-first heap   total 48128K, used 24271K [0x0000000087600000, 0x0000000100000000)
  region size 1024K, 9 young (9216K), 2 survivors (2048K)
 Metaspace       used 32676K, committed 33152K, reserved 1114112K
  class space    used 4076K, committed 4288K, reserved 1048576K
GC Heap History (12 events):
Event: 1.143 GC heap before
{Heap before GC invocations=0 (full 0):
 garbage-first heap   total 126976K, used 14256K [0x0000000087600000, 0x0000000100000000)
  region size 1024K, 13 young (13312K), 0 survivors (0K)
 Metaspace       used 4062K, committed 4160K, reserved 1114112K
  class space    used 459K, committed 512K, reserved 1048576K
}
Event: 1.149 GC heap after
{Heap after GC invocations=1 (full 0):
 garbage-first heap   total 126976K, used 4512K [0x0000000087600000, 0x0000000100000000)
  region size 1024K, 2 young (2048K), 2 survivors (2048K)
 Metaspace       used 4062K, committed 4160K, reserved 1114112K
  class space    used 459K, committed 512K, reserved 1048576K
}
Event: 1.635 GC heap before
{Heap before GC invocations=1 (full 0):
 garbage-first heap   total 126976K, used 17824K [0x0000000087600000, 0x0000000100000000)
  region size 1024K, 16 young (16384K), 2 survivors (2048K)
 Metaspace       used 7655K, committed 7936K, reserved 1114112K
  class space    used 979K, committed 1088K, reserved 1048576K
}
Event: 1.642 GC heap after
{Heap after GC invocations=2 (full 0):
 garbage-first heap   total 126976K, used 5899K [0x0000000087600000, 0x0000000100000000)
  region size 1024K, 2 young (2048K), 2 survivors (2048K)
 Metaspace       used 7655K, committed 7936K, reserved 1114112K
  class space    used 979K, committed 1088K, reserved 1048576K
}
Event: 3.964 GC heap before
{Heap before GC invocations=2 (full 0):
 garbage-first heap   total 126976K, used 67339K [0x0000000087600000, 0x0000000100000000)
  region size 1024K, 63 young (64512K), 2 survivors (2048K)
 Metaspace       used 21175K, committed 21504K, reserved 1114112K
  class space    used 2661K, committed 2816K, reserved 1048576K
}
Event: 3.977 GC heap after
{Heap after GC invocations=3 (full 0):
 garbage-first heap   total 126976K, used 11164K [0x0000000087600000, 0x0000000100000000)
  region size 1024K, 7 young (7168K), 7 survivors (7168K)
 Metaspace       used 21175K, committed 21504K, reserved 1114112K
  class space    used 2661K, committed 2816K, reserved 1048576K
}
Event: 4.912 GC heap before
{Heap before GC invocations=4 (full 0):
 garbage-first heap   total 48128K, used 32668K [0x0000000087600000, 0x0000000100000000)
  region size 1024K, 28 young (28672K), 7 survivors (7168K)
 Metaspace       used 25984K, committed 26368K, reserved 1114112K
  class space    used 3272K, committed 3456K, reserved 1048576K
}
Event: 4.930 GC heap after
{Heap after GC invocations=5 (full 0):
 garbage-first heap   total 48128K, used 13432K [0x0000000087600000, 0x0000000100000000)
  region size 1024K, 3 young (3072K), 3 survivors (3072K)
 Metaspace       used 25984K, committed 26368K, reserved 1114112K
  class space    used 3272K, committed 3456K, reserved 1048576K
}
Event: 4.958 GC heap before
{Heap before GC invocations=5 (full 0):
 garbage-first heap   total 48128K, used 14456K [0x0000000087600000, 0x0000000100000000)
  region size 1024K, 4 young (4096K), 3 survivors (3072K)
 Metaspace       used 26040K, committed 26496K, reserved 1114112K
  class space    used 3280K, committed 3456K, reserved 1048576K
}
Event: 4.966 GC heap after
{Heap after GC invocations=6 (full 0):
 garbage-first heap   total 48128K, used 13600K [0x0000000087600000, 0x0000000100000000)
  region size 1024K, 1 young (1024K), 1 survivors (1024K)
 Metaspace       used 26040K, committed 26496K, reserved 1114112K
  class space    used 3280K, committed 3456K, reserved 1048576K
}
Event: 24.255 GC heap before
{Heap before GC invocations=6 (full 0):
 garbage-first heap   total 48128K, used 32032K [0x0000000087600000, 0x0000000100000000)
  region size 1024K, 19 young (19456K), 1 survivors (1024K)
 Metaspace       used 30942K, committed 31360K, reserved 1114112K
  class space    used 3910K, committed 4096K, reserved 1048576K
}
Event: 24.260 GC heap after
{Heap after GC invocations=7 (full 0):
 garbage-first heap   total 48128K, used 15055K [0x0000000087600000, 0x0000000100000000)
  region size 1024K, 2 young (2048K), 2 survivors (2048K)
 Metaspace       used 30942K, committed 31360K, reserved 1114112K
  class space    used 3910K, committed 4096K, reserved 1048576K
}

