# JRE version: OpenJDK Runtime Environment (17.0.10+7) (build 17.0.10+7-Ubuntu-122.04.1)
# Java VM: OpenJDK 64-Bit Server VM (17.0.10+7-Ubuntu-122.04.1, mixed mode, sharing, tiered, compressed oops, compressed class ptrs, g1 gc, linux-amd64)
GC Precious Log:
 CPUs: 4 total, 4 available
 Memory: 7715M
 Large Page Support: Disabled
 NUMA Support: Disabled
 Compressed Oops: Enabled (32-bit)
 Heap Region Size: 1M
 Heap Min Capacity: 8M
 Heap Initial Capacity: 122M
 Heap Max Capacity: 1930M
 Pre-touch: Disabled
 Parallel Workers: 4
 Concurrent Workers: 1
 Concurrent Refinement Workers: 4
 Periodic GC: Disabled
Heap:
 garbage-first heap   total 48128K, used 25366K [0x0000000087600000, 0x0000000100000000)
  region size 1024K, 8 young (8192K), 2 survivors (2048K)
 Metaspace       used 31676K, committed 32128K, reserved 1114112K
  class space    used 3943K, committed 4160K, reserved 1048576K
GC Heap History (12 events):
Event: 0.811 GC heap before
{Heap before GC invocations=0 (full 0):
 garbage-first heap   total 126976K, used 14256K [0x0000000087600000, 0x0000000100000000)
  region size 1024K, 13 young (13312K), 0 survivors (0K)
 Metaspace       used 4054K, committed 4160K, reserved 1114112K
  class space    used 460K, committed 512K, reserved 1048576K
}
Event: 0.819 GC heap after
{Heap after GC invocations=1 (full 0):
 garbage-first heap   total 126976K, used 4505K [0x0000000087600000, 0x0000000100000000)
  region size 1024K, 2 young (2048K), 2 survivors (2048K)
 Metaspace       used 4054K, committed 4160K, reserved 1114112K
  class space    used 460K, committed 512K, reserved 1048576K
}
Event: 1.384 GC heap before
{Heap before GC invocations=1 (full 0):
 garbage-first heap   total 126976K, used 17817K [0x0000000087600000, 0x0000000100000000)
  region size 1024K, 16 young (16384K), 2 survivors (2048K)
 Metaspace       used 7632K, committed 7808K, reserved 1114112K
  class space    used 979K, committed 1088K, reserved 1048576K
}
Event: 1.392 GC heap after
{Heap after GC invocations=2 (full 0):
 garbage-first heap   total 126976K, used 5927K [0x0000000087600000, 0x0000000100000000)
  region size 1024K, 2 young (2048K), 2 survivors (2048K)
 Metaspace       used 7632K, committed 7808K, reserved 1114112K
  class space    used 979K, committed 1088K, reserved 1048576K
}
Event: 3.307 GC heap before
{Heap before GC invocations=2 (full 0):
 garbage-first heap   total 126976K, used 67367K [0x0000000087600000, 0x0000000100000000)
  region size 1024K, 63 young (64512K), 2 survivors (2048K)
 Metaspace       used 21183K, committed 21504K, reserved 1114112K
  class space    used 2666K, committed 2816K, reserved 1048576K
}
Event: 3.323 GC heap after
{Heap after GC invocations=3 (full 0):
 garbage-first heap   total 126976K, used 11203K [0x0000000087600000, 0x0000000100000000)
  region size 1024K, 7 young (7168K), 7 survivors (7168K)
 Metaspace       used 21183K, committed 21504K, reserved 1114112K
  class space    used 2666K, committed 2816K, reserved 1048576K
}
Event: 4.340 GC heap before
{Heap before GC invocations=4 (full 0):
 garbage-first heap   total 48128K, used 32707K [0x0000000087600000, 0x0000000100000000)
  region size 1024K, 28 young (28672K), 7 survivors (7168K)
 Metaspace       used 25994K, committed 26432K, reserved 1114112K
  class space    used 3269K, committed 3456K, reserved 1048576K
}
Event: 4.374 GC heap after
{Heap after GC invocations=5 (full 0):
 garbage-first heap   total 48128K, used 13729K [0x0000000087600000, 0x0000000100000000)
  region size 1024K, 3 young (3072K), 3 survivors (3072K)
 Metaspace       used 25994K, committed 26432K, reserved 1114112K
  class space    used 3269K, committed 3456K, reserved 1048576K
}
Event: 4.437 GC heap before
{Heap before GC invocations=5 (full 0):
 garbage-first heap   total 48128K, used 13729K [0x0000000087600000, 0x0000000100000000)
  region size 1024K, 4 young (4096K), 3 survivors (3072K)
 Metaspace       used 26023K, committed 26432K, reserved 1114112K
  class space    used 3273K, committed 3456K, reserved 1048576K
}
Event: 4.443 GC heap after
{Heap after GC invocations=6 (full 0):
 garbage-first heap   total 48128K, used 14044K [0x0000000087600000, 0x0000000100000000)
  region size 1024K, 1 young (1024K), 1 survivors (1024K)
 Metaspace       used 26023K, committed 26432K, reserved 1114112K
  class space    used 3273K, committed 3456K, reserved 1048576K
}
Event: 12.134 GC heap before
{Heap before GC invocations=6 (full 0):
 garbage-first heap   total 48128K, used 30428K [0x0000000087600000, 0x0000000100000000)
  region size 1024K, 18 young (18432K), 1 survivors (1024K)
 Metaspace       used 30486K, committed 30912K, reserved 1114112K
  class space    used 3828K, committed 4032K, reserved 1048576K
}
Event: 12.140 GC heap after
{Heap after GC invocations=7 (full 0):
 garbage-first heap   total 48128K, used 15126K [0x0000000087600000, 0x0000000100000000)
  region size 1024K, 2 young (2048K), 2 survivors (2048K)
 Metaspace       used 30486K, committed 30912K, reserved 1114112K
  class space    used 3828K, committed 4032K, reserved 1048576K
}

