# JRE version: OpenJDK Runtime Environment (17.0.10+7) (build 17.0.10+7-Ubuntu-122.04.1)
# Java VM: OpenJDK 64-Bit Server VM (17.0.10+7-Ubuntu-122.04.1, mixed mode, sharing, tiered, compressed oops, compressed class ptrs, g1 gc, linux-amd64)
GC Precious Log:
 CPUs: 4 total, 4 available
 Memory: 7715M
 Large Page Support: Disabled
 NUMA Support: Disabled
 Compressed Oops: Enabled (32-bit)
 Heap Region Size: 1M
 Heap Min Capacity: 8M
 Heap Initial Capacity: 122M
 Heap Max Capacity: 1930M
 Pre-touch: Disabled
 Parallel Workers: 4
 Concurrent Workers: 1
 Concurrent Refinement Workers: 4
 Periodic GC: Disabled
Heap:
 garbage-first heap   total 48128K, used 22373K [0x0000000087600000, 0x0000000100000000)
  region size 1024K, 7 young (7168K), 2 survivors (2048K)
 Metaspace       used 31726K, committed 32192K, reserved 1114112K
  class space    used 3957K, committed 4160K, reserved 1048576K
GC Heap History (12 events):
Event: 0.837 GC heap before
{Heap before GC invocations=0 (full 0):
 garbage-first heap   total 126976K, used 14256K [0x0000000087600000, 0x0000000100000000)
  region size 1024K, 13 young (13312K), 0 survivors (0K)
 Metaspace       used 4041K, committed 4160K, reserved 1114112K
  class space    used 460K, committed 512K, reserved 1048576K
}
Event: 0.845 GC heap after
{Heap after GC invocations=1 (full 0):
 garbage-first heap   total 126976K, used 4555K [0x0000000087600000, 0x0000000100000000)
  region size 1024K, 2 young (2048K), 2 survivors (2048K)
 Metaspace       used 4041K, committed 4160K, reserved 1114112K
  class space    used 460K, committed 512K, reserved 1048576K
}
Event: 1.452 GC heap before
{Heap before GC invocations=1 (full 0):
 garbage-first heap   total 126976K, used 17867K [0x0000000087600000, 0x0000000100000000)
  region size 1024K, 16 young (16384K), 2 survivors (2048K)
 Metaspace       used 7580K, committed 7808K, reserved 1114112K
  class space    used 968K, committed 1088K, reserved 1048576K
}
Event: 1.461 GC heap after
{Heap after GC invocations=2 (full 0):
 garbage-first heap   total 126976K, used 5817K [0x0000000087600000, 0x0000000100000000)
  region size 1024K, 2 young (2048K), 2 survivors (2048K)
 Metaspace       used 7580K, committed 7808K, reserved 1114112K
  class space    used 968K, committed 1088K, reserved 1048576K
}
Event: 3.475 GC heap before
{Heap before GC invocations=2 (full 0):
 garbage-first heap   total 126976K, used 66233K [0x0000000087600000, 0x0000000100000000)
  region size 1024K, 63 young (64512K), 2 survivors (2048K)
 Metaspace       used 21174K, committed 21504K, reserved 1114112K
  class space    used 2655K, committed 2816K, reserved 1048576K
}
Event: 3.488 GC heap after
{Heap after GC invocations=3 (full 0):
 garbage-first heap   total 126976K, used 11179K [0x0000000087600000, 0x0000000100000000)
  region size 1024K, 7 young (7168K), 7 survivors (7168K)
 Metaspace       used 21174K, committed 21504K, reserved 1114112K
  class space    used 2655K, committed 2816K, reserved 1048576K
}
Event: 4.336 GC heap before
{Heap before GC invocations=4 (full 0):
 garbage-first heap   total 48128K, used 32683K [0x0000000087600000, 0x0000000100000000)
  region size 1024K, 28 young (28672K), 7 survivors (7168K)
 Metaspace       used 25981K, committed 26432K, reserved 1114112K
  class space    used 3271K, committed 3456K, reserved 1048576K
}
Event: 4.351 GC heap after
{Heap after GC invocations=5 (full 0):
 garbage-first heap   total 48128K, used 13435K [0x0000000087600000, 0x0000000100000000)
  region size 1024K, 3 young (3072K), 3 survivors (3072K)
 Metaspace       used 25981K, committed 26432K, reserved 1114112K
  class space    used 3271K, committed 3456K, reserved 1048576K
}
Event: 4.379 GC heap before
{Heap before GC invocations=5 (full 0):
 garbage-first heap   total 48128K, used 14459K [0x0000000087600000, 0x0000000100000000)
  region size 1024K, 4 young (4096K), 3 survivors (3072K)
 Metaspace       used 26039K, committed 26432K, reserved 1114112K
  class space    used 3280K, committed 3456K, reserved 1048576K
}
Event: 4.387 GC heap after
{Heap after GC invocations=6 (full 0):
 garbage-first heap   total 48128K, used 14050K [0x0000000087600000, 0x0000000100000000)
  region size 1024K, 1 young (1024K), 1 survivors (1024K)
 Metaspace       used 26039K, committed 26432K, reserved 1114112K
  class space    used 3280K, committed 3456K, reserved 1048576K
}
Event: 10.311 GC heap before
{Heap before GC invocations=6 (full 0):
 garbage-first heap   total 48128K, used 31458K [0x0000000087600000, 0x0000000100000000)
  region size 1024K, 18 young (18432K), 1 survivors (1024K)
 Metaspace       used 30605K, committed 31040K, reserved 1114112K
  class space    used 3843K, committed 4032K, reserved 1048576K
}
Event: 10.317 GC heap after
{Heap after GC invocations=7 (full 0):
 garbage-first heap   total 48128K, used 15205K [0x0000000087600000, 0x0000000100000000)
  region size 1024K, 2 young (2048K), 2 survivors (2048K)
 Metaspace       used 30605K, committed 31040K, reserved 1114112K
  class space    used 3843K, committed 4032K, reserved 1048576K
}

